-encoding
UTF-8
-outxml
-source
6
-target
6
-classpath
C:\Users\Cyrille\.m2\repository\antlr\antlr\2.7.6\antlr-2.7.6.jar;C:\Users\Cyrille\.m2\repository\aopalliance\aopalliance\1.0\aopalliance-1.0.jar;C:\Users\Cyrille\.m2\repository\cglib\cglib-nodep\2.2.2\cglib-nodep-2.2.2.jar;C:\Users\Cyrille\.m2\repository\commons-codec\commons-codec\1.6\commons-codec-1.6.jar;C:\Users\Cyrille\.m2\repository\commons-collections\commons-collections\3.1\commons-collections-3.1.jar;C:\Users\Cyrille\.m2\repository\commons-dbcp\commons-dbcp\1.3\commons-dbcp-1.3.jar;C:\Users\Cyrille\.m2\repository\commons-io\commons-io\2.1\commons-io-2.1.jar;C:\Users\Cyrille\.m2\repository\commons-pool\commons-pool\1.5.6\commons-pool-1.5.6.jar;C:\Users\Cyrille\.m2\repository\dom4j\dom4j\1.6.1\dom4j-1.6.1.jar;C:\Users\Cyrille\.m2\repository\javassist\javassist\3.12.0.GA\javassist-3.12.0.GA.jar;C:\Users\Cyrille\.m2\repository\javax\servlet\servlet-api\2.5\servlet-api-2.5.jar;C:\Users\Cyrille\.m2\repository\javax\transaction\jta\1.1\jta-1.1.jar;C:\Users\Cyrille\.m2\repository\javax\validation\validation-api\1.0.0.GA\validation-api-1.0.0.GA.jar;C:\Users\Cyrille\.m2\repository\log4j\log4j\1.2.16\log4j-1.2.16.jar;C:\Users\Cyrille\.m2\repository\mysql\mysql-connector-java\5.1.18\mysql-connector-java-5.1.18.jar;C:\Users\Cyrille\.m2\repository\net\sf\flexjson\flexjson\2.1\flexjson-2.1.jar;C:\Users\Cyrille\.m2\repository\org\apache\commons\commons-lang3\3.1\commons-lang3-3.1.jar;C:\Users\Cyrille\.m2\repository\org\aspectj\aspectjrt\1.6.12\aspectjrt-1.6.12.jar;C:\Users\Cyrille\.m2\repository\org\aspectj\aspectjweaver\1.6.12\aspectjweaver-1.6.12.jar;C:\Users\Cyrille\.m2\repository\org\hibernate\hibernate-commons-annotations\3.2.0.Final\hibernate-commons-annotations-3.2.0.Final.jar;C:\Users\Cyrille\.m2\repository\org\hibernate\hibernate-core\3.6.9.Final\hibernate-core-3.6.9.Final.jar;C:\Users\Cyrille\.m2\repository\org\hibernate\hibernate-entitymanager\3.6.9.Final\hibernate-entitymanager-3.6.9.Final.jar;C:\Users\Cyrille\.m2\repository\org\hibernate\hibernate-validator\4.2.0.Final\hibernate-validator-4.2.0.Final.jar;C:\Users\Cyrille\.m2\repository\org\hibernate\javax\persistence\hibernate-jpa-2.0-api\1.0.1.Final\hibernate-jpa-2.0-api-1.0.1.Final.jar;C:\Users\Cyrille\.m2\repository\org\slf4j\jcl-over-slf4j\1.6.4\jcl-over-slf4j-1.6.4.jar;C:\Users\Cyrille\.m2\repository\org\slf4j\slf4j-api\1.6.4\slf4j-api-1.6.4.jar;C:\Users\Cyrille\.m2\repository\org\slf4j\slf4j-log4j12\1.6.4\slf4j-log4j12-1.6.4.jar;C:\Users\Cyrille\.m2\repository\org\springframework\spring-aop\3.1.0.RELEASE\spring-aop-3.1.0.RELEASE.jar;C:\Users\Cyrille\.m2\repository\org\springframework\spring-asm\3.1.0.RELEASE\spring-asm-3.1.0.RELEASE.jar;C:\Users\Cyrille\.m2\repository\org\springframework\spring-aspects\3.1.0.RELEASE\spring-aspects-3.1.0.RELEASE.jar;C:\Users\Cyrille\.m2\repository\org\springframework\spring-beans\3.1.0.RELEASE\spring-beans-3.1.0.RELEASE.jar;C:\Users\Cyrille\.m2\repository\org\springframework\spring-context\3.1.0.RELEASE\spring-context-3.1.0.RELEASE.jar;C:\Users\Cyrille\.m2\repository\org\springframework\spring-context-support\3.1.0.RELEASE\spring-context-support-3.1.0.RELEASE.jar;C:\Users\Cyrille\.m2\repository\org\springframework\spring-core\3.1.0.RELEASE\spring-core-3.1.0.RELEASE.jar;C:\Users\Cyrille\.m2\repository\org\springframework\spring-expression\3.1.0.RELEASE\spring-expression-3.1.0.RELEASE.jar;C:\Users\Cyrille\.m2\repository\org\springframework\spring-jdbc\3.1.0.RELEASE\spring-jdbc-3.1.0.RELEASE.jar;C:\Users\Cyrille\.m2\repository\org\springframework\spring-orm\3.1.0.RELEASE\spring-orm-3.1.0.RELEASE.jar;C:\Users\Cyrille\.m2\repository\org\springframework\spring-tx\3.1.0.RELEASE\spring-tx-3.1.0.RELEASE.jar;C:\Users\Cyrille\.m2\repository\org\springframework\roo\org.springframework.roo.annotations\1.2.1.RELEASE\org.springframework.roo.annotations-1.2.1.RELEASE.jar;C:\Users\Cyrille\workspace_spring\intranet\target\classes
-aspectpath
C:\Users\Cyrille\.m2\repository\org\springframework\spring-aspects\3.1.0.RELEASE\spring-aspects-3.1.0.RELEASE.jar
-d
C:\Users\Cyrille\workspace_spring\intranet\target\classes
C:\Users\Cyrille\workspace_spring\intranet\src\main\java\intranet\GroupFilter_Roo_ToString.aj
C:\Users\Cyrille\workspace_spring\intranet\src\main\java\intranet\User_Roo_Jpa_Entity.aj
C:\Users\Cyrille\workspace_spring\intranet\src\main\java\intranet\Group_Roo_DbManaged.aj
C:\Users\Cyrille\workspace_spring\intranet\src\main\java\intranet\UserInfo.java
C:\Users\Cyrille\workspace_spring\intranet\src\main\java\intranet\User_Roo_Configurable.aj
C:\Users\Cyrille\workspace_spring\intranet\src\main\java\intranet\ModuleAccess_Roo_ToString.aj
C:\Users\Cyrille\workspace_spring\intranet\src\main\java\intranet\ModuleAccess.java
C:\Users\Cyrille\workspace_spring\intranet\src\main\java\intranet\Session_Roo_ToString.aj
C:\Users\Cyrille\workspace_spring\intranet\src\main\java\intranet\UserGroups.java
C:\Users\Cyrille\workspace_spring\intranet\src\main\java\intranet\UserRights_Roo_ToString.aj
C:\Users\Cyrille\workspace_spring\intranet\src\main\java\intranet\UserFilters.java
C:\Users\Cyrille\workspace_spring\intranet\src\main\java\intranet\Filter_Roo_ToString.aj
C:\Users\Cyrille\workspace_spring\intranet\src\main\java\intranet\Privacity_Roo_DbManaged.aj
C:\Users\Cyrille\workspace_spring\intranet\src\main\java\intranet\Group_Roo_Configurable.aj
C:\Users\Cyrille\workspace_spring\intranet\src\main\java\intranet\UserRights.java
C:\Users\Cyrille\workspace_spring\intranet\src\main\java\intranet\UserFilters_Roo_ToString.aj
C:\Users\Cyrille\workspace_spring\intranet\src\main\java\intranet\Session.java
C:\Users\Cyrille\workspace_spring\intranet\src\main\java\intranet\Objects_Roo_Jpa_ActiveRecord.aj
C:\Users\Cyrille\workspace_spring\intranet\src\main\java\intranet\Right_Roo_Configurable.aj
C:\Users\Cyrille\workspace_spring\intranet\src\main\java\intranet\UserGroups_Roo_Configurable.aj
C:\Users\Cyrille\workspace_spring\intranet\src\main\java\intranet\Privacity.java
C:\Users\Cyrille\workspace_spring\intranet\src\main\java\intranet\Action_Roo_DbManaged.aj
C:\Users\Cyrille\workspace_spring\intranet\src\main\java\intranet\Fields_Roo_Jpa_ActiveRecord.aj
C:\Users\Cyrille\workspace_spring\intranet\src\main\java\intranet\Action.java
C:\Users\Cyrille\workspace_spring\intranet\src\main\java\intranet\UserRights_Roo_DbManaged.aj
C:\Users\Cyrille\workspace_spring\intranet\src\main\java\intranet\UserInfo_Roo_DbManaged.aj
C:\Users\Cyrille\workspace_spring\intranet\src\main\java\intranet\Objects_Roo_Jpa_Entity.aj
C:\Users\Cyrille\workspace_spring\intranet\src\main\java\intranet\GroupRights_Roo_Jpa_ActiveRecord.aj
C:\Users\Cyrille\workspace_spring\intranet\src\main\java\intranet\Filter_Roo_Configurable.aj
C:\Users\Cyrille\workspace_spring\intranet\src\main\java\intranet\Session_Roo_Jpa_Entity.aj
C:\Users\Cyrille\workspace_spring\intranet\src\main\java\intranet\Privacity_Roo_Jpa_Entity.aj
C:\Users\Cyrille\workspace_spring\intranet\src\main\java\intranet\Module.java
C:\Users\Cyrille\workspace_spring\intranet\src\main\java\intranet\Right_Roo_ToString.aj
C:\Users\Cyrille\workspace_spring\intranet\src\main\java\intranet\GroupFilter_Roo_DbManaged.aj
C:\Users\Cyrille\workspace_spring\intranet\src\main\java\intranet\GroupRights_Roo_Jpa_Entity.aj
C:\Users\Cyrille\workspace_spring\intranet\src\main\java\intranet\UserRights_Roo_Configurable.aj
C:\Users\Cyrille\workspace_spring\intranet\src\main\java\intranet\UserGroups_Roo_ToString.aj
C:\Users\Cyrille\workspace_spring\intranet\src\main\java\intranet\UserFilters_Roo_Jpa_ActiveRecord.aj
C:\Users\Cyrille\workspace_spring\intranet\src\main\java\intranet\Fields_Roo_ToString.aj
C:\Users\Cyrille\workspace_spring\intranet\src\main\java\intranet\User.java
C:\Users\Cyrille\workspace_spring\intranet\src\main\java\intranet\Group_Roo_Jpa_ActiveRecord.aj
C:\Users\Cyrille\workspace_spring\intranet\src\main\java\intranet\Module_Roo_Jpa_Entity.aj
C:\Users\Cyrille\workspace_spring\intranet\src\main\java\intranet\Action_Roo_ToString.aj
C:\Users\Cyrille\workspace_spring\intranet\src\main\java\intranet\User_Roo_DbManaged.aj
C:\Users\Cyrille\workspace_spring\intranet\src\main\java\intranet\Privacity_Roo_Jpa_ActiveRecord.aj
C:\Users\Cyrille\workspace_spring\intranet\src\main\java\intranet\GroupFilter_Roo_Jpa_Entity.aj
C:\Users\Cyrille\workspace_spring\intranet\src\main\java\intranet\UserGroups_Roo_Jpa_ActiveRecord.aj
C:\Users\Cyrille\workspace_spring\intranet\src\main\java\intranet\GroupRights_Roo_ToString.aj
C:\Users\Cyrille\workspace_spring\intranet\src\main\java\intranet\Action_Roo_Configurable.aj
C:\Users\Cyrille\workspace_spring\intranet\src\main\java\intranet\UserInfo_Roo_ToString.aj
C:\Users\Cyrille\workspace_spring\intranet\src\main\java\intranet\GroupFilter_Roo_Configurable.aj
C:\Users\Cyrille\workspace_spring\intranet\src\main\java\intranet\UserGroups_Roo_DbManaged.aj
C:\Users\Cyrille\workspace_spring\intranet\src\main\java\intranet\UserRights_Roo_Jpa_Entity.aj
C:\Users\Cyrille\workspace_spring\intranet\src\main\java\intranet\Fields_Roo_DbManaged.aj
C:\Users\Cyrille\workspace_spring\intranet\src\main\java\intranet\Fields_Roo_Jpa_Entity.aj
C:\Users\Cyrille\workspace_spring\intranet\src\main\java\intranet\User_Roo_Jpa_ActiveRecord.aj
C:\Users\Cyrille\workspace_spring\intranet\src\main\java\intranet\Session_Roo_Jpa_ActiveRecord.aj
C:\Users\Cyrille\workspace_spring\intranet\src\main\java\intranet\Fields.java
C:\Users\Cyrille\workspace_spring\intranet\src\main\java\intranet\Group_Roo_ToString.aj
C:\Users\Cyrille\workspace_spring\intranet\src\main\java\intranet\Privacity_Roo_ToString.aj
C:\Users\Cyrille\workspace_spring\intranet\src\main\java\intranet\GroupRights_Roo_DbManaged.aj
C:\Users\Cyrille\workspace_spring\intranet\src\main\java\intranet\GroupFilter_Roo_Jpa_ActiveRecord.aj
C:\Users\Cyrille\workspace_spring\intranet\src\main\java\intranet\UserInfo_Roo_Configurable.aj
C:\Users\Cyrille\workspace_spring\intranet\src\main\java\intranet\ModuleAccess_Roo_Jpa_ActiveRecord.aj
C:\Users\Cyrille\workspace_spring\intranet\src\main\java\intranet\Fields_Roo_Configurable.aj
C:\Users\Cyrille\workspace_spring\intranet\src\main\java\intranet\UserFilters_Roo_Jpa_Entity.aj
C:\Users\Cyrille\workspace_spring\intranet\src\main\java\intranet\GroupRights.java
C:\Users\Cyrille\workspace_spring\intranet\src\main\java\intranet\Module_Roo_DbManaged.aj
C:\Users\Cyrille\workspace_spring\intranet\src\main\java\intranet\Filter_Roo_Jpa_ActiveRecord.aj
C:\Users\Cyrille\workspace_spring\intranet\src\main\java\intranet\Objects_Roo_DbManaged.aj
C:\Users\Cyrille\workspace_spring\intranet\src\main\java\intranet\UserFilters_Roo_Configurable.aj
C:\Users\Cyrille\workspace_spring\intranet\src\main\java\intranet\Objects_Roo_ToString.aj
C:\Users\Cyrille\workspace_spring\intranet\src\main\java\intranet\Filter.java
C:\Users\Cyrille\workspace_spring\intranet\src\main\java\intranet\UserInfo_Roo_Jpa_ActiveRecord.aj
C:\Users\Cyrille\workspace_spring\intranet\src\main\java\intranet\Objects_Roo_Configurable.aj
C:\Users\Cyrille\workspace_spring\intranet\src\main\java\intranet\Action_Roo_Jpa_ActiveRecord.aj
C:\Users\Cyrille\workspace_spring\intranet\src\main\java\intranet\Filter_Roo_Jpa_Entity.aj
C:\Users\Cyrille\workspace_spring\intranet\src\main\java\intranet\UserRights_Roo_Jpa_ActiveRecord.aj
C:\Users\Cyrille\workspace_spring\intranet\src\main\java\intranet\Group_Roo_Jpa_Entity.aj
C:\Users\Cyrille\workspace_spring\intranet\src\main\java\intranet\Session_Roo_DbManaged.aj
C:\Users\Cyrille\workspace_spring\intranet\src\main\java\intranet\ModuleAccess_Roo_DbManaged.aj
C:\Users\Cyrille\workspace_spring\intranet\src\main\java\intranet\Module_Roo_Jpa_ActiveRecord.aj
C:\Users\Cyrille\workspace_spring\intranet\src\main\java\intranet\Action_Roo_Jpa_Entity.aj
C:\Users\Cyrille\workspace_spring\intranet\src\main\java\intranet\UserGroups_Roo_Jpa_Entity.aj
C:\Users\Cyrille\workspace_spring\intranet\src\main\java\intranet\Right_Roo_DbManaged.aj
C:\Users\Cyrille\workspace_spring\intranet\src\main\java\intranet\Filter_Roo_DbManaged.aj
C:\Users\Cyrille\workspace_spring\intranet\src\main\java\intranet\GroupRights_Roo_Configurable.aj
C:\Users\Cyrille\workspace_spring\intranet\src\main\java\intranet\UserFilters_Roo_DbManaged.aj
C:\Users\Cyrille\workspace_spring\intranet\src\main\java\intranet\Module_Roo_Configurable.aj
C:\Users\Cyrille\workspace_spring\intranet\src\main\java\intranet\Right_Roo_Jpa_ActiveRecord.aj
C:\Users\Cyrille\workspace_spring\intranet\src\main\java\intranet\Session_Roo_Configurable.aj
C:\Users\Cyrille\workspace_spring\intranet\src\main\java\intranet\Objects.java
C:\Users\Cyrille\workspace_spring\intranet\src\main\java\intranet\User_Roo_ToString.aj
C:\Users\Cyrille\workspace_spring\intranet\src\main\java\intranet\Module_Roo_ToString.aj
C:\Users\Cyrille\workspace_spring\intranet\src\main\java\intranet\Privacity_Roo_Configurable.aj
C:\Users\Cyrille\workspace_spring\intranet\src\main\java\intranet\ModuleAccess_Roo_Jpa_Entity.aj
C:\Users\Cyrille\workspace_spring\intranet\src\main\java\intranet\ModuleAccess_Roo_Configurable.aj
C:\Users\Cyrille\workspace_spring\intranet\src\main\java\intranet\UserInfo_Roo_Jpa_Entity.aj
C:\Users\Cyrille\workspace_spring\intranet\src\main\java\intranet\Group.java
C:\Users\Cyrille\workspace_spring\intranet\src\main\java\intranet\GroupFilter.java
C:\Users\Cyrille\workspace_spring\intranet\src\main\java\intranet\Right.java
C:\Users\Cyrille\workspace_spring\intranet\src\main\java\intranet\Right_Roo_Jpa_Entity.aj
